<?xml version="1.0" encoding="UTF-8"?>
<testng-results ignored="1" total="14" passed="11" failed="2" skipped="0">
  <reporter-output>
  </reporter-output>
  <suite started-at="2024-02-28T15:37:23 IST" name="Suite" finished-at="2024-02-28T15:37:30 IST" duration-ms="7822">
    <groups>
      <group name="regression">
        <method signature="group.T1()[pri:1, instance:TestNg.NG.group@bd4dc25]" name="T1" class="TestNg.NG.group"/>
        <method signature="group.T6()[pri:2, instance:TestNg.NG.group@bd4dc25]" name="T6" class="TestNg.NG.group"/>
        <method signature="group.T4()[pri:3, instance:TestNg.NG.group@bd4dc25]" name="T4" class="TestNg.NG.group"/>
      </group> <!-- regression -->
      <group name="smoke">
        <method signature="group.T5()[pri:2, instance:TestNg.NG.group@bd4dc25]" name="T5" class="TestNg.NG.group"/>
        <method signature="group.T6()[pri:2, instance:TestNg.NG.group@bd4dc25]" name="T6" class="TestNg.NG.group"/>
        <method signature="group.T2()[pri:5, instance:TestNg.NG.group@bd4dc25]" name="T2" class="TestNg.NG.group"/>
      </group> <!-- smoke -->
      <group name="sanity">
        <method signature="group.T1()[pri:1, instance:TestNg.NG.group@bd4dc25]" name="T1" class="TestNg.NG.group"/>
        <method signature="group.T6()[pri:2, instance:TestNg.NG.group@bd4dc25]" name="T6" class="TestNg.NG.group"/>
        <method signature="group.T3()[pri:4, instance:TestNg.NG.group@bd4dc25]" name="T3" class="TestNg.NG.group"/>
        <method signature="group.T2()[pri:5, instance:TestNg.NG.group@bd4dc25]" name="T2" class="TestNg.NG.group"/>
      </group> <!-- sanity -->
    </groups>
    <test started-at="2024-02-28T15:37:23 IST" name="Test" finished-at="2024-02-28T15:37:30 IST" duration-ms="7822">
      <class name="TestNg.NG.Priort">
        <test-method signature="testcase1()[pri:0, instance:TestNg.NG.Priort@4efc180e]" started-at="2024-02-28T15:37:28 IST" name="testcase1" finished-at="2024-02-28T15:37:28 IST" duration-ms="1" status="PASS">
          <reporter-output>
          </reporter-output>
        </test-method> <!-- testcase1 -->
        <test-method signature="testcase3()[pri:1, instance:TestNg.NG.Priort@4efc180e]" started-at="2024-02-28T15:37:28 IST" name="testcase3" finished-at="2024-02-28T15:37:28 IST" duration-ms="1" status="PASS">
          <reporter-output>
          </reporter-output>
        </test-method> <!-- testcase3 -->
        <test-method signature="testcase2()[pri:2, instance:TestNg.NG.Priort@4efc180e]" started-at="2024-02-28T15:37:28 IST" name="testcase2" finished-at="2024-02-28T15:37:28 IST" duration-ms="1" status="PASS">
          <reporter-output>
          </reporter-output>
        </test-method> <!-- testcase2 -->
      </class> <!-- TestNg.NG.Priort -->
      <class name="TestNg.NG.annotation">
        <test-method is-config="true" signature="mainMethod()[pri:0, instance:TestNg.NG.annotation@67c33749]" started-at="2024-02-28T15:37:23 IST" name="mainMethod" finished-at="2024-02-28T15:37:28 IST" duration-ms="5079" status="PASS">
          <reporter-output>
          </reporter-output>
        </test-method> <!-- mainMethod -->
        <test-method signature="configLogin()[pri:0, instance:TestNg.NG.annotation@67c33749]" started-at="2024-02-28T15:37:28 IST" name="configLogin" finished-at="2024-02-28T15:37:30 IST" duration-ms="2407" status="FAIL">
          <exception class="org.openqa.selenium.NoSuchElementException">
            <message>
              <![CDATA[Unable to find element with locator By.linkText: Edit your account information
For documentation on this error, please visit: https://www.selenium.dev/documentation/webdriver/troubleshooting/errors#no-such-element-exception
Build info: version: '4.15.0', revision: '1d14b5521b'
System info: os.name: 'Windows 11', os.arch: 'amd64', os.version: '10.0', java.version: '17.0.9'
Driver info: driver.version: RemoteWebDriver]]>
            </message>
            <full-stacktrace>
              <![CDATA[org.openqa.selenium.NoSuchElementException: Unable to find element with locator By.linkText: Edit your account information
For documentation on this error, please visit: https://www.selenium.dev/documentation/webdriver/troubleshooting/errors#no-such-element-exception
Build info: version: '4.15.0', revision: '1d14b5521b'
System info: os.name: 'Windows 11', os.arch: 'amd64', os.version: '10.0', java.version: '17.0.9'
Driver info: driver.version: RemoteWebDriver
at org.openqa.selenium.remote.ElementLocation$ElementFinder$2.findElement(ElementLocation.java:168)
at org.openqa.selenium.remote.ElementLocation.findElement(ElementLocation.java:59)
at org.openqa.selenium.remote.RemoteWebDriver.findElement(RemoteWebDriver.java:364)
at org.openqa.selenium.remote.RemoteWebDriver.findElement(RemoteWebDriver.java:358)
at TestNg.NG.annotation.configLogin(annotation.java:40)
at java.base/jdk.internal.reflect.NativeMethodAccessorImpl.invoke0(Native Method)
at java.base/jdk.internal.reflect.NativeMethodAccessorImpl.invoke(NativeMethodAccessorImpl.java:77)
at java.base/jdk.internal.reflect.DelegatingMethodAccessorImpl.invoke(DelegatingMethodAccessorImpl.java:43)
at java.base/java.lang.reflect.Method.invoke(Method.java:568)
at org.testng.internal.invokers.MethodInvocationHelper.invokeMethod(MethodInvocationHelper.java:139)
at org.testng.internal.invokers.TestInvoker.invokeMethod(TestInvoker.java:677)
at org.testng.internal.invokers.TestInvoker.invokeTestMethod(TestInvoker.java:221)
at org.testng.internal.invokers.MethodRunner.runInSequence(MethodRunner.java:50)
at org.testng.internal.invokers.TestInvoker$MethodInvocationAgent.invoke(TestInvoker.java:969)
at org.testng.internal.invokers.TestInvoker.invokeTestMethods(TestInvoker.java:194)
at org.testng.internal.invokers.TestMethodWorker.invokeTestMethods(TestMethodWorker.java:148)
at org.testng.internal.invokers.TestMethodWorker.run(TestMethodWorker.java:128)
at java.base/java.util.concurrent.ThreadPoolExecutor.runWorker(ThreadPoolExecutor.java:1136)
at java.base/java.util.concurrent.ThreadPoolExecutor$Worker.run(ThreadPoolExecutor.java:635)
at java.base/java.lang.Thread.run(Thread.java:840)
]]>
            </full-stacktrace>
          </exception> <!-- org.openqa.selenium.NoSuchElementException -->
          <reporter-output>
          </reporter-output>
        </test-method> <!-- configLogin -->
        <test-method is-config="true" signature="tearDown()[pri:0, instance:TestNg.NG.annotation@67c33749]" started-at="2024-02-28T15:37:30 IST" name="tearDown" finished-at="2024-02-28T15:37:30 IST" duration-ms="238" status="PASS">
          <reporter-output>
          </reporter-output>
        </test-method> <!-- tearDown -->
        <test-method signature="configLogin1()[pri:0, instance:TestNg.NG.annotation@67c33749]" started-at="2024-02-28T15:37:30 IST" name="configLogin1" finished-at="2024-02-28T15:37:30 IST" duration-ms="3" status="FAIL">
          <exception class="org.openqa.selenium.NoSuchSessionException">
            <message>
              <![CDATA[Session ID is null. Using WebDriver after calling quit()?
Build info: version: '4.15.0', revision: '1d14b5521b'
System info: os.name: 'Windows 11', os.arch: 'amd64', os.version: '10.0', java.version: '17.0.9'
Driver info: org.openqa.selenium.edge.EdgeDriver
Command: [null, findElement {using=link text, value=Change your password}]
Capabilities {acceptInsecureCerts: false, browserName: MicrosoftEdge, browserVersion: 122.0.2365.59, fedcm:accounts: true, ms:edgeOptions: {debuggerAddress: localhost:53102}, msedge: {msedgedriverVersion: 122.0.2365.52 (dcf246d1e496..., userDataDir: C:\Users\ashwi\AppData\Loca...}, networkConnectionEnabled: false, pageLoadStrategy: normal, platformName: windows, proxy: Proxy(), se:cdp: ws://localhost:53102/devtoo..., se:cdpVersion: 122.0.2365.59, setWindowRect: true, strictFileInteractability: false, timeouts: {implicit: 0, pageLoad: 300000, script: 30000}, unhandledPromptBehavior: dismiss and notify, webauthn:extension:credBlob: true, webauthn:extension:largeBlob: true, webauthn:extension:minPinLength: true, webauthn:extension:prf: true, webauthn:virtualAuthenticators: true}]]>
            </message>
            <full-stacktrace>
              <![CDATA[org.openqa.selenium.NoSuchSessionException: Session ID is null. Using WebDriver after calling quit()?
Build info: version: '4.15.0', revision: '1d14b5521b'
System info: os.name: 'Windows 11', os.arch: 'amd64', os.version: '10.0', java.version: '17.0.9'
Driver info: org.openqa.selenium.edge.EdgeDriver
Command: [null, findElement {using=link text, value=Change your password}]
Capabilities {acceptInsecureCerts: false, browserName: MicrosoftEdge, browserVersion: 122.0.2365.59, fedcm:accounts: true, ms:edgeOptions: {debuggerAddress: localhost:53102}, msedge: {msedgedriverVersion: 122.0.2365.52 (dcf246d1e496..., userDataDir: C:\Users\ashwi\AppData\Loca...}, networkConnectionEnabled: false, pageLoadStrategy: normal, platformName: windows, proxy: Proxy(), se:cdp: ws://localhost:53102/devtoo..., se:cdpVersion: 122.0.2365.59, setWindowRect: true, strictFileInteractability: false, timeouts: {implicit: 0, pageLoad: 300000, script: 30000}, unhandledPromptBehavior: dismiss and notify, webauthn:extension:credBlob: true, webauthn:extension:largeBlob: true, webauthn:extension:minPinLength: true, webauthn:extension:prf: true, webauthn:virtualAuthenticators: true}
at org.openqa.selenium.remote.HttpCommandExecutor.execute(HttpCommandExecutor.java:152)
at org.openqa.selenium.remote.service.DriverCommandExecutor.invokeExecute(DriverCommandExecutor.java:200)
at org.openqa.selenium.remote.service.DriverCommandExecutor.execute(DriverCommandExecutor.java:175)
at org.openqa.selenium.remote.RemoteWebDriver.execute(RemoteWebDriver.java:607)
at org.openqa.selenium.remote.ElementLocation$ElementFinder$2.findElement(ElementLocation.java:165)
at org.openqa.selenium.remote.ElementLocation.findElement(ElementLocation.java:59)
at org.openqa.selenium.remote.RemoteWebDriver.findElement(RemoteWebDriver.java:364)
at org.openqa.selenium.remote.RemoteWebDriver.findElement(RemoteWebDriver.java:358)
at TestNg.NG.annotation.configLogin1(annotation.java:48)
at java.base/jdk.internal.reflect.NativeMethodAccessorImpl.invoke0(Native Method)
at java.base/jdk.internal.reflect.NativeMethodAccessorImpl.invoke(NativeMethodAccessorImpl.java:77)
at java.base/jdk.internal.reflect.DelegatingMethodAccessorImpl.invoke(DelegatingMethodAccessorImpl.java:43)
at java.base/java.lang.reflect.Method.invoke(Method.java:568)
at org.testng.internal.invokers.MethodInvocationHelper.invokeMethod(MethodInvocationHelper.java:139)
at org.testng.internal.invokers.TestInvoker.invokeMethod(TestInvoker.java:677)
at org.testng.internal.invokers.TestInvoker.invokeTestMethod(TestInvoker.java:221)
at org.testng.internal.invokers.MethodRunner.runInSequence(MethodRunner.java:50)
at org.testng.internal.invokers.TestInvoker$MethodInvocationAgent.invoke(TestInvoker.java:969)
at org.testng.internal.invokers.TestInvoker.invokeTestMethods(TestInvoker.java:194)
at org.testng.internal.invokers.TestMethodWorker.invokeTestMethods(TestMethodWorker.java:148)
at org.testng.internal.invokers.TestMethodWorker.run(TestMethodWorker.java:128)
at java.base/java.util.concurrent.ThreadPoolExecutor.runWorker(ThreadPoolExecutor.java:1136)
at java.base/java.util.concurrent.ThreadPoolExecutor$Worker.run(ThreadPoolExecutor.java:635)
at java.base/java.lang.Thread.run(Thread.java:840)
]]>
            </full-stacktrace>
          </exception> <!-- org.openqa.selenium.NoSuchSessionException -->
          <reporter-output>
          </reporter-output>
        </test-method> <!-- configLogin1 -->
        <test-method is-config="true" signature="tearDown()[pri:0, instance:TestNg.NG.annotation@67c33749]" started-at="2024-02-28T15:37:30 IST" name="tearDown" finished-at="2024-02-28T15:37:30 IST" duration-ms="0" status="PASS">
          <reporter-output>
          </reporter-output>
        </test-method> <!-- tearDown -->
        <test-method is-config="true" signature="tearDown()[pri:0, instance:TestNg.NG.annotation@67c33749]" started-at="2024-02-28T15:37:30 IST" name="tearDown" finished-at="2024-02-28T15:37:30 IST" duration-ms="0" status="PASS">
          <reporter-output>
          </reporter-output>
        </test-method> <!-- tearDown -->
      </class> <!-- TestNg.NG.annotation -->
      <class name="TestNg.NG.group">
        <test-method signature="T1()[pri:1, instance:TestNg.NG.group@bd4dc25]" started-at="2024-02-28T15:37:28 IST" name="T1" finished-at="2024-02-28T15:37:28 IST" duration-ms="0" status="PASS">
          <reporter-output>
          </reporter-output>
        </test-method> <!-- T1 -->
        <test-method signature="T5()[pri:2, instance:TestNg.NG.group@bd4dc25]" started-at="2024-02-28T15:37:28 IST" name="T5" finished-at="2024-02-28T15:37:28 IST" duration-ms="1" status="PASS">
          <reporter-output>
          </reporter-output>
        </test-method> <!-- T5 -->
        <test-method signature="T6()[pri:2, instance:TestNg.NG.group@bd4dc25]" started-at="2024-02-28T15:37:28 IST" name="T6" finished-at="2024-02-28T15:37:28 IST" duration-ms="0" status="PASS">
          <reporter-output>
          </reporter-output>
        </test-method> <!-- T6 -->
        <test-method signature="T3()[pri:4, instance:TestNg.NG.group@bd4dc25]" started-at="2024-02-28T15:37:28 IST" name="T3" finished-at="2024-02-28T15:37:28 IST" duration-ms="1" status="PASS">
          <reporter-output>
          </reporter-output>
        </test-method> <!-- T3 -->
        <test-method signature="T4()[pri:3, instance:TestNg.NG.group@bd4dc25]" started-at="2024-02-28T15:37:28 IST" name="T4" finished-at="2024-02-28T15:37:28 IST" duration-ms="0" status="PASS">
          <reporter-output>
          </reporter-output>
        </test-method> <!-- T4 -->
        <test-method signature="T2()[pri:5, instance:TestNg.NG.group@bd4dc25]" started-at="2024-02-28T15:37:28 IST" name="T2" finished-at="2024-02-28T15:37:28 IST" duration-ms="1" status="PASS">
          <reporter-output>
          </reporter-output>
        </test-method> <!-- T2 -->
      </class> <!-- TestNg.NG.group -->
      <class name="TestNg.NG.Enable">
        <test-method signature="testcase1()[pri:0, instance:TestNg.NG.Enable@5fbdfdcf]" started-at="2024-02-28T15:37:28 IST" name="testcase1" finished-at="2024-02-28T15:37:28 IST" duration-ms="2" status="PASS">
          <reporter-output>
          </reporter-output>
        </test-method> <!-- testcase1 -->
        <test-method signature="testcase3()[pri:1, instance:TestNg.NG.Enable@5fbdfdcf]" started-at="2024-02-28T15:37:28 IST" name="testcase3" finished-at="2024-02-28T15:37:28 IST" duration-ms="0" status="PASS">
          <reporter-output>
          </reporter-output>
        </test-method> <!-- testcase3 -->
      </class> <!-- TestNg.NG.Enable -->
    </test> <!-- Test -->
  </suite> <!-- Suite -->
</testng-results>
